<?xml version="1.0" encoding="UTF-8"?>
<coverage generated="1637156451862" clover="3.2.0">
  <project timestamp="1637156451862" name="All files">
    <metrics statements="32" coveredstatements="31" conditionals="10" coveredconditionals="9" methods="7" coveredmethods="7" elements="49" coveredelements="47" complexity="0" loc="32" ncloc="32" packages="1" files="1" classes="1"/>
    <file name="functions.js" path="F:\Studia\sem5\BSI\BSI-main\source\functions.js">
      <metrics statements="32" coveredstatements="31" conditionals="10" coveredconditionals="9" methods="7" coveredmethods="7"/>
      <line num="17" count="1" type="stmt"/>
      <line num="18" count="2" type="cond" truecount="4" falsecount="0"/>
      <line num="19" count="1" type="stmt"/>
      <line num="21" count="1" type="stmt"/>
      <line num="22" count="1" type="stmt"/>
      <line num="23" count="1" type="stmt"/>
      <line num="27" count="1" type="stmt"/>
      <line num="44" count="1" type="stmt"/>
      <line num="52" count="3" type="cond" truecount="2" falsecount="0"/>
      <line num="53" count="1" type="stmt"/>
      <line num="57" count="2" type="stmt"/>
      <line num="58" count="2" type="stmt"/>
      <line num="60" count="2" type="stmt"/>
      <line num="62" count="2" type="stmt"/>
      <line num="63" count="2" type="stmt"/>
      <line num="77" count="1" type="stmt"/>
      <line num="78" count="2" type="cond" truecount="3" falsecount="1"/>
      <line num="79" count="0" type="stmt"/>
      <line num="81" count="2" type="stmt"/>
      <line num="93" count="1" type="stmt"/>
      <line num="94" count="11" type="stmt"/>
      <line num="95" count="8" type="stmt"/>
      <line num="96" count="3" type="stmt"/>
      <line num="108" count="1" type="stmt"/>
      <line num="113" count="2" type="stmt"/>
      <line num="114" count="2" type="stmt"/>
      <line num="115" count="2" type="stmt"/>
      <line num="116" count="8" type="stmt"/>
      <line num="118" count="2" type="stmt"/>
      <line num="119" count="2" type="stmt"/>
      <line num="121" count="2" type="stmt"/>
      <line num="122" count="2" type="stmt"/>
    </file>
  </project>
</coverage>
