{"F:\\Studia\\sem5\\BSI\\BSI-main\\source\\functions.js": {"path":"F:\\Studia\\sem5\\BSI\\BSI-main\\source\\functions.js","statementMap":{"0":{"start":{"line":17,"column":35},"end":{"line":32,"column":1}},"1":{"start":{"line":18,"column":2},"end":{"line":20,"column":3}},"2":{"start":{"line":19,"column":4},"end":{"line":19,"column":74}},"3":{"start":{"line":21,"column":18},"end":{"line":21,"column":71}},"4":{"start":{"line":22,"column":18},"end":{"line":22,"column":71}},"5":{"start":{"line":23,"column":22},"end":{"line":26,"column":3}},"6":{"start":{"line":27,"column":2},"end":{"line":31,"column":14}},"7":{"start":{"line":44,"column":46},"end":{"line":66,"column":1}},"8":{"start":{"line":52,"column":2},"end":{"line":54,"column":3}},"9":{"start":{"line":53,"column":4},"end":{"line":53,"column":73}},"10":{"start":{"line":57,"column":4},"end":{"line":57,"column":62}},"11":{"start":{"line":58,"column":24},"end":{"line":58,"column":73}},"12":{"start":{"line":60,"column":4},"end":{"line":60,"column":71}},"13":{"start":{"line":62,"column":4},"end":{"line":62,"column":76}},"14":{"start":{"line":63,"column":2},"end":{"line":65,"column":79}},"15":{"start":{"line":77,"column":29},"end":{"line":86,"column":1}},"16":{"start":{"line":78,"column":2},"end":{"line":80,"column":3}},"17":{"start":{"line":79,"column":4},"end":{"line":79,"column":73}},"18":{"start":{"line":81,"column":2},"end":{"line":85,"column":13}},"19":{"start":{"line":93,"column":35},"end":{"line":99,"column":1}},"20":{"start":{"line":94,"column":14},"end":{"line":94,"column":56}},"21":{"start":{"line":94,"column":47},"end":{"line":94,"column":55}},"22":{"start":{"line":95,"column":25},"end":{"line":95,"column":66}},"23":{"start":{"line":95,"column":55},"end":{"line":95,"column":65}},"24":{"start":{"line":96,"column":2},"end":{"line":98,"column":7}},"25":{"start":{"line":108,"column":39},"end":{"line":126,"column":1}},"26":{"start":{"line":113,"column":26},"end":{"line":113,"column":66}},"27":{"start":{"line":114,"column":16},"end":{"line":114,"column":17}},"28":{"start":{"line":115,"column":2},"end":{"line":117,"column":3}},"29":{"start":{"line":115,"column":15},"end":{"line":115,"column":16}},"30":{"start":{"line":116,"column":4},"end":{"line":116,"column":35}},"31":{"start":{"line":118,"column":2},"end":{"line":118,"column":16}},"32":{"start":{"line":119,"column":16},"end":{"line":119,"column":59}},"33":{"start":{"line":121,"column":4},"end":{"line":121,"column":67}},"34":{"start":{"line":122,"column":2},"end":{"line":125,"column":17}}},"fnMap":{"0":{"name":"(anonymous_0)","decl":{"start":{"line":17,"column":35},"end":{"line":17,"column":36}},"loc":{"start":{"line":17,"column":59},"end":{"line":32,"column":1}},"line":17},"1":{"name":"(anonymous_1)","decl":{"start":{"line":44,"column":46},"end":{"line":44,"column":47}},"loc":{"start":{"line":51,"column":5},"end":{"line":66,"column":1}},"line":51},"2":{"name":"(anonymous_2)","decl":{"start":{"line":77,"column":29},"end":{"line":77,"column":30}},"loc":{"start":{"line":77,"column":74},"end":{"line":86,"column":1}},"line":77},"3":{"name":"(anonymous_3)","decl":{"start":{"line":93,"column":35},"end":{"line":93,"column":36}},"loc":{"start":{"line":93,"column":62},"end":{"line":99,"column":1}},"line":93},"4":{"name":"(anonymous_4)","decl":{"start":{"line":94,"column":37},"end":{"line":94,"column":38}},"loc":{"start":{"line":94,"column":47},"end":{"line":94,"column":55}},"line":94},"5":{"name":"(anonymous_5)","decl":{"start":{"line":95,"column":40},"end":{"line":95,"column":41}},"loc":{"start":{"line":95,"column":55},"end":{"line":95,"column":65}},"line":95},"6":{"name":"(anonymous_6)","decl":{"start":{"line":108,"column":39},"end":{"line":108,"column":40}},"loc":{"start":{"line":112,"column":5},"end":{"line":126,"column":1}},"line":112}},"branchMap":{"0":{"loc":{"start":{"line":18,"column":2},"end":{"line":20,"column":3}},"type":"if","locations":[{"start":{"line":18,"column":2},"end":{"line":20,"column":3}},{"start":{},"end":{}}],"line":18},"1":{"loc":{"start":{"line":18,"column":6},"end":{"line":18,"column":28}},"type":"binary-expr","locations":[{"start":{"line":18,"column":6},"end":{"line":18,"column":15}},{"start":{"line":18,"column":19},"end":{"line":18,"column":28}}],"line":18},"2":{"loc":{"start":{"line":52,"column":2},"end":{"line":54,"column":3}},"type":"if","locations":[{"start":{"line":52,"column":2},"end":{"line":54,"column":3}},{"start":{},"end":{}}],"line":52},"3":{"loc":{"start":{"line":78,"column":2},"end":{"line":80,"column":3}},"type":"if","locations":[{"start":{"line":78,"column":2},"end":{"line":80,"column":3}},{"start":{},"end":{}}],"line":78},"4":{"loc":{"start":{"line":78,"column":6},"end":{"line":78,"column":42}},"type":"binary-expr","locations":[{"start":{"line":78,"column":6},"end":{"line":78,"column":22}},{"start":{"line":78,"column":26},"end":{"line":78,"column":42}}],"line":78}},"s":{"0":1,"1":2,"2":1,"3":1,"4":1,"5":1,"6":1,"7":1,"8":3,"9":1,"10":2,"11":2,"12":2,"13":2,"14":2,"15":1,"16":2,"17":0,"18":2,"19":1,"20":3,"21":11,"22":3,"23":8,"24":3,"25":1,"26":2,"27":2,"28":2,"29":2,"30":8,"31":2,"32":2,"33":2,"34":2},"f":{"0":2,"1":3,"2":2,"3":3,"4":11,"5":8,"6":2},"b":{"0":[1,1],"1":[2,1],"2":[1,2],"3":[0,2],"4":[2,2]},"_coverageSchema":"1a1c01bbd47fc00a2c39e90264f33305004495a9","hash":"2eb60fae1e7fce4c7381b20d118b63a725e010a2"}
}
