TN:
SF:source\functions.js
FN:17,(anonymous_0)
FN:44,(anonymous_1)
FN:77,(anonymous_2)
FN:93,(anonymous_3)
FN:94,(anonymous_4)
FN:95,(anonymous_5)
FN:108,(anonymous_6)
FNF:7
FNH:7
FNDA:2,(anonymous_0)
FNDA:3,(anonymous_1)
FNDA:2,(anonymous_2)
FNDA:3,(anonymous_3)
FNDA:11,(anonymous_4)
FNDA:8,(anonymous_5)
FNDA:2,(anonymous_6)
DA:17,1
DA:18,2
DA:19,1
DA:21,1
DA:22,1
DA:23,1
DA:27,1
DA:44,1
DA:52,3
DA:53,1
DA:57,2
DA:58,2
DA:60,2
DA:62,2
DA:63,2
DA:77,1
DA:78,2
DA:79,0
DA:81,2
DA:93,1
DA:94,11
DA:95,8
DA:96,3
DA:108,1
DA:113,2
DA:114,2
DA:115,2
DA:116,8
DA:118,2
DA:119,2
DA:121,2
DA:122,2
LF:32
LH:31
BRDA:18,0,0,1
BRDA:18,0,1,1
BRDA:18,1,0,2
BRDA:18,1,1,1
BRDA:52,2,0,1
BRDA:52,2,1,2
BRDA:78,3,0,0
BRDA:78,3,1,2
BRDA:78,4,0,2
BRDA:78,4,1,2
BRF:10
BRH:9
end_of_record
